Determining if the pthread_create exist failed with the following output:
Change Dir: /home/apsync/catkin_ws/src/location_monitor/build/catkin_tools_prebuild/CMakeFiles/CMakeTmp

Run Build Command:"/usr/bin/make" "cmTC_dc7a1/fast"
/usr/bin/make -f CMakeFiles/cmTC_dc7a1.dir/build.make CMakeFiles/cmTC_dc7a1.dir/build
make[1]: Entering directory '/home/apsync/catkin_ws/src/location_monitor/build/catkin_tools_prebuild/CMakeFiles/CMakeTmp'
Building C object CMakeFiles/cmTC_dc7a1.dir/CheckSymbolExists.c.o
/usr/bin/cc     -o CMakeFiles/cmTC_dc7a1.dir/CheckSymbolExists.c.o   -c /home/apsync/catkin_ws/src/location_monitor/build/catkin_tools_prebuild/CMakeFiles/CMakeTmp/CheckSymbolExists.c
Linking C executable cmTC_dc7a1
/usr/bin/cmake -E cmake_link_script CMakeFiles/cmTC_dc7a1.dir/link.txt --verbose=1
/usr/bin/cc       CMakeFiles/cmTC_dc7a1.dir/CheckSymbolExists.c.o  -o cmTC_dc7a1 -rdynamic 
CMakeFiles/cmTC_dc7a1.dir/CheckSymbolExists.c.o: In function `main':
CheckSymbolExists.c:(.text+0x14): undefined reference to `pthread_create'
CheckSymbolExists.c:(.text+0x18): undefined reference to `pthread_create'
collect2: error: ld returned 1 exit status
CMakeFiles/cmTC_dc7a1.dir/build.make:97: recipe for target 'cmTC_dc7a1' failed
make[1]: *** [cmTC_dc7a1] Error 1
make[1]: Leaving directory '/home/apsync/catkin_ws/src/location_monitor/build/catkin_tools_prebuild/CMakeFiles/CMakeTmp'
Makefile:126: recipe for target 'cmTC_dc7a1/fast' failed
make: *** [cmTC_dc7a1/fast] Error 2

File /home/apsync/catkin_ws/src/location_monitor/build/catkin_tools_prebuild/CMakeFiles/CMakeTmp/CheckSymbolExists.c:
/* */
#include <pthread.h>

int main(int argc, char** argv)
{
  (void)argv;
#ifndef pthread_create
  return ((int*)(&pthread_create))[argc];
#else
  (void)argc;
  return 0;
#endif
}

Determining if the function pthread_create exists in the pthreads failed with the following output:
Change Dir: /home/apsync/catkin_ws/src/location_monitor/build/catkin_tools_prebuild/CMakeFiles/CMakeTmp

Run Build Command:"/usr/bin/make" "cmTC_eec50/fast"
/usr/bin/make -f CMakeFiles/cmTC_eec50.dir/build.make CMakeFiles/cmTC_eec50.dir/build
make[1]: Entering directory '/home/apsync/catkin_ws/src/location_monitor/build/catkin_tools_prebuild/CMakeFiles/CMakeTmp'
Building C object CMakeFiles/cmTC_eec50.dir/CheckFunctionExists.c.o
/usr/bin/cc    -DCHECK_FUNCTION_EXISTS=pthread_create   -o CMakeFiles/cmTC_eec50.dir/CheckFunctionExists.c.o   -c /usr/share/cmake-3.5/Modules/CheckFunctionExists.c
Linking C executable cmTC_eec50
/usr/bin/cmake -E cmake_link_script CMakeFiles/cmTC_eec50.dir/link.txt --verbose=1
/usr/bin/cc   -DCHECK_FUNCTION_EXISTS=pthread_create    CMakeFiles/cmTC_eec50.dir/CheckFunctionExists.c.o  -o cmTC_eec50 -rdynamic -lpthreads 
/usr/bin/ld: cannot find -lpthreads
collect2: error: ld returned 1 exit status
CMakeFiles/cmTC_eec50.dir/build.make:97: recipe for target 'cmTC_eec50' failed
make[1]: *** [cmTC_eec50] Error 1
make[1]: Leaving directory '/home/apsync/catkin_ws/src/location_monitor/build/catkin_tools_prebuild/CMakeFiles/CMakeTmp'
Makefile:126: recipe for target 'cmTC_eec50/fast' failed
make: *** [cmTC_eec50/fast] Error 2


